<?xml version="1.0" encoding="UTF-8"?>
<!-- Generated by org.testng.reporters.JUnitReportReporter -->
<testsuite hostname="DEVASENAN" failures="0" tests="1" name="testNGpkg.SoftAssertionmain" time="0.015" errors="0" timestamp="2023-12-27T17:01:59 IST" skipped="0">
  <testcase classname="testNGpkg.SoftAssertionmain" name="title" time="0.015"/>
  <system-out/>
</testsuite> <!-- testNGpkg.SoftAssertionmain -->
