<?xml version="1.0" encoding="UTF-8"?>
<!-- Generated by org.testng.reporters.JUnitReportReporter -->
<testsuite hostname="DEVASENAN" failures="0" tests="3" name="testNGpkg.Crossbrowsertesting" time="4.913" errors="0" timestamp="2023-12-18T16:41:35 IST" skipped="0">
  <testcase classname="testNGpkg.Crossbrowsertesting" name="test" time="2.086"/>
  <system-out/>
  <testcase classname="testNGpkg.Crossbrowsertesting" name="test" time="1.348"/>
  <system-out/>
  <testcase classname="testNGpkg.Crossbrowsertesting" name="test" time="1.479"/>
  <system-out/>
</testsuite> <!-- testNGpkg.Crossbrowsertesting -->
