<?xml version="1.0" encoding="UTF-8"?>
<!-- Generated by org.testng.reporters.JUnitReportReporter -->
<testsuite hostname="DEVASENAN" failures="0" tests="1" name="testHerbal.Healthtest" time="5.663" errors="0" timestamp="2024-01-03T17:20:14 IST" skipped="0">
  <testcase classname="testHerbal.Healthtest" name="createpage" time="5.663"/>
  <system-out/>
</testsuite> <!-- testHerbal.Healthtest -->
