<?xml version="1.0" encoding="UTF-8"?>
<!-- Generated by org.testng.reporters.JUnitReportReporter -->
<testsuite hostname="DEVASENAN" failures="0" tests="1" name="testNGpkg.Datadriven" time="6.880" errors="0" timestamp="2023-12-28T17:09:27 IST" skipped="0">
  <testcase classname="testNGpkg.Datadriven" name="test" time="6.880"/>
  <system-out/>
</testsuite> <!-- testNGpkg.Datadriven -->
