<?xml version="1.0" encoding="UTF-8"?>
<!-- Generated by org.testng.reporters.JUnitReportReporter -->
<testsuite hostname="DEVASENAN" failures="0" tests="1" name="testNGpkg.Datepicker" time="0.866" errors="0" timestamp="2023-12-20T17:02:39 IST" skipped="0">
  <testcase classname="testNGpkg.Datepicker" name="test" time="0.866"/>
  <system-out/>
</testsuite> <!-- testNGpkg.Datepicker -->
