<?xml version="1.0" encoding="UTF-8"?>
<!-- Generated by org.testng.reporters.JUnitReportReporter -->
<testsuite hostname="DEVASENAN" failures="0" tests="1" name="testNGpkg.copypaste1" time="4.979" errors="0" timestamp="2023-12-18T15:51:15 IST" skipped="0">
  <testcase classname="testNGpkg.copypaste1" name="actionsPgrm" time="4.979"/>
  <system-out/>
</testsuite> <!-- testNGpkg.copypaste1 -->
