<?xml version="1.0" encoding="UTF-8"?>
<!-- Generated by org.testng.reporters.JUnitReportReporter -->
<testsuite hostname="DEVASENAN" failures="0" tests="1" name="testNGpkg.Copypaste" time="3.421" errors="0" timestamp="2023-12-14T16:16:44 IST" skipped="0">
  <testcase classname="testNGpkg.Copypaste" name="copyPaste" time="3.421"/>
  <system-out/>
</testsuite> <!-- testNGpkg.Copypaste -->
