<?xml version="1.0" encoding="UTF-8"?>
<!-- Generated by org.testng.reporters.JUnitReportReporter -->
<testsuite hostname="DEVASENAN" failures="0" tests="1" name="testNGpkg.Parametrisation" time="3.760" errors="0" timestamp="2023-12-13T17:11:00 IST" skipped="0">
  <testcase classname="testNGpkg.Parametrisation" name="parameterprgm" time="3.760"/>
  <system-out/>
</testsuite> <!-- testNGpkg.Parametrisation -->
