<?xml version="1.0" encoding="UTF-8"?>
<!-- Generated by org.testng.reporters.JUnitReportReporter -->
<testsuite hostname="DEVASENAN" failures="0" tests="1" name="testNGpkg.DraganddropActionclass" time="0.782" errors="0" timestamp="2023-12-18T17:00:22 IST" skipped="0">
  <testcase classname="testNGpkg.DraganddropActionclass" name="test" time="0.782"/>
  <system-out/>
</testsuite> <!-- testNGpkg.DraganddropActionclass -->
