<?xml version="1.0" encoding="UTF-8"?>
<!-- Generated by org.testng.reporters.JUnitReportReporter -->
<testsuite hostname="DEVASENAN" failures="0" tests="1" name="FileuploadWithoutTextfield" time="3.358" errors="0" timestamp="2023-12-26T16:19:09 IST" skipped="0">
  <testcase classname="FileuploadWithoutTextfield" name="fileuploadpgrm" time="3.358"/>
  <system-out/>
</testsuite> <!-- FileuploadWithoutTextfield -->
