<?xml version="1.0" encoding="UTF-8"?>
<!-- Generated by org.testng.reporters.JUnitReportReporter -->
<testsuite hostname="DEVASENAN" failures="0" tests="1" name="testNGpkg.LoginValidation" time="1.333" errors="0" timestamp="2023-12-27T17:15:08 IST" skipped="0">
  <testcase classname="testNGpkg.LoginValidation" name="title" time="1.333"/>
  <system-out/>
</testsuite> <!-- testNGpkg.LoginValidation -->
