<?xml version="1.0" encoding="UTF-8"?>
<!-- Generated by org.testng.reporters.JUnitReportReporter -->
<testsuite hostname="DEVASENAN" failures="0" tests="1" name="RobotFileupload" time="3.383" errors="0" timestamp="2023-12-26T17:24:37 IST" skipped="0">
  <testcase classname="RobotFileupload" name="fileuploadpgrm" time="3.383"/>
  <system-out/>
</testsuite> <!-- RobotFileupload -->
