<?xml version="1.0" encoding="UTF-8"?>
<!-- Generated by org.testng.reporters.JUnitReportReporter -->
<testsuite hostname="DEVASENAN" failures="0" tests="1" name="testHerbal.LoginTest" time="0.935" errors="0" timestamp="2024-01-03T17:17:09 IST" skipped="0">
  <testcase classname="testHerbal.LoginTest" name="createpage" time="0.935"/>
  <system-out/>
</testsuite> <!-- testHerbal.LoginTest -->
