<?xml version="1.0" encoding="UTF-8"?>
<!-- Generated by org.testng.reporters.JUnitReportReporter -->
<testsuite hostname="DEVASENAN" failures="0" tests="2" name="testNGpkg.TestNGdemo" time="7.329" errors="0" timestamp="2023-12-13T16:10:31 IST" skipped="0">
  <testcase classname="testNGpkg.TestNGdemo" name="title" time="3.204"/>
  <system-out/>
  <testcase classname="testNGpkg.TestNGdemo" name="logodesplay" time="4.125"/>
  <system-out/>
</testsuite> <!-- testNGpkg.TestNGdemo -->
