<?xml version="1.0" encoding="UTF-8"?>
<!-- Generated by org.testng.reporters.JUnitReportReporter -->
<testsuite hostname="DEVASENAN" failures="0" tests="1" name="testNGpkg.HardAssertion" time="0.175" errors="0" timestamp="2023-12-27T16:55:28 IST" skipped="0">
  <testcase classname="testNGpkg.HardAssertion" name="title" time="0.175"/>
  <system-out/>
</testsuite> <!-- testNGpkg.HardAssertion -->
