<?xml version="1.0" encoding="UTF-8"?>
<!-- Generated by org.testng.reporters.JUnitReportReporter -->
<testsuite hostname="DEVASENAN" failures="0" tests="1" name="testNGpkg.AutoITFileUpload" time="7.166" errors="0" timestamp="2023-12-27T16:37:21 IST" skipped="0">
  <testcase classname="testNGpkg.AutoITFileUpload" name="fileuploadpgrm" time="7.166"/>
  <system-out/>
</testsuite> <!-- testNGpkg.AutoITFileUpload -->
