<?xml version="1.0" encoding="UTF-8"?>
<!-- Generated by org.testng.reporters.JUnitReportReporter -->
<testsuite hostname="DEVASENAN" failures="0" tests="2" name="testNGpkg.ExtentReportpgrm" time="2.234" errors="0" timestamp="2023-12-29T17:12:34 IST" skipped="0">
  <testcase classname="testNGpkg.ExtentReportpgrm" name="fblogotest" time="1.530"/>
  <system-out/>
  <testcase classname="testNGpkg.ExtentReportpgrm" name="fbtitleverification" time="0.704"/>
  <system-out/>
</testsuite> <!-- testNGpkg.ExtentReportpgrm -->
