<?xml version="1.0" encoding="UTF-8"?>
<!-- Generated by org.testng.reporters.JUnitReportReporter -->
<testsuite hostname="DEVASENAN" failures="0" tests="1" name="testPkg.FbLoginTest" time="0.408" errors="0" timestamp="2024-01-02T17:47:02 IST" skipped="0">
  <testcase classname="testPkg.FbLoginTest" name="testlogin" time="0.408"/>
  <system-out/>
</testsuite> <!-- testPkg.FbLoginTest -->
